२०२२-०३-१५ २२:१८:१६,६०८ INFO org.springframework.boot.StartupInfoLogger [main] Starting Ms1Application using Java 1.8.0_311 on AHOSUR-CVR-CIT with PID 20028 (C:\Users\ahosur.I-FLEX\Desktop\Citibank\Practice Projects\ms1\target\classes started by ahosur in C:\Users\ahosur.I-FLEX\Desktop\Citibank\Practice Projects\ms1)
२०२२-०३-१५ २२:१८:१६,६१० INFO org.springframework.boot.SpringApplication [main] No active profile set, falling back to 1 default profile: "default"
२०२२-०३-१५ २२:१८:१७,०७८ INFO org.springframework.data.repository.config.RepositoryConfigurationDelegate [main] Bootstrapping Spring Data JPA repositories in DEFAULT mode.
२०२२-०३-१५ २२:१८:१७,११५ INFO org.springframework.data.repository.config.RepositoryConfigurationDelegate [main] Finished Spring Data repository scanning in 30 ms. Found 1 JPA repository interfaces.
२०२२-०३-१५ २२:१८:१७,६६९ INFO org.springframework.boot.web.embedded.tomcat.TomcatWebServer [main] Tomcat initialized with port(s): 8080 (http)
२०२२-०३-१५ २२:१८:१७,६७७ INFO org.apache.juli.logging.DirectJDKLog [main] Initializing ProtocolHandler ["http-nio-8080"]
२०२२-०३-१५ २२:१८:१७,६७८ INFO org.apache.juli.logging.DirectJDKLog [main] Starting service [Tomcat]
२०२२-०३-१५ २२:१८:१७,६७८ INFO org.apache.juli.logging.DirectJDKLog [main] Starting Servlet engine: [Apache Tomcat/9.0.58]
२०२२-०३-१५ २२:१८:१७,७६३ INFO org.apache.juli.logging.DirectJDKLog [main] Initializing Spring embedded WebApplicationContext
२०२२-०३-१५ २२:१८:१७,७६३ INFO org.springframework.boot.web.servlet.context.ServletWebServerApplicationContext [main] Root WebApplicationContext: initialization completed in 1123 ms
२०२२-०३-१५ २२:१८:१७,७८९ INFO com.zaxxer.hikari.HikariDataSource [main] HikariPool-1 - Starting...
२०२२-०३-१५ २२:१८:१७,९६३ INFO com.zaxxer.hikari.HikariDataSource [main] HikariPool-1 - Start completed.
२०२२-०३-१५ २२:१८:१७,९७३ INFO org.springframework.boot.autoconfigure.h2.H2ConsoleAutoConfiguration [main] H2 console available at '/h2-ui'. Database available at 'jdbc:h2:mem:testdb'
२०२२-०३-१५ २२:१८:१८,१४१ INFO org.hibernate.jpa.internal.util.LogHelper [main] HHH000204: Processing PersistenceUnitInfo [name: default]
२०२२-०३-१५ २२:१८:१८,१८० INFO org.hibernate.Version [main] HHH000412: Hibernate ORM core version 5.6.5.Final
२०२२-०३-१५ २२:१८:१८,३१७ INFO org.hibernate.annotations.common.reflection.java.JavaReflectionManager [main] HCANN000001: Hibernate Commons Annotations {5.1.2.Final}
२०२२-०३-१५ २२:१८:१८,४०९ INFO org.hibernate.dialect.Dialect [main] HHH000400: Using dialect: org.hibernate.dialect.H2Dialect
२०२२-०३-१५ २२:१८:१९,००१ INFO org.hibernate.engine.transaction.jta.platform.internal.JtaPlatformInitiator [main] HHH000490: Using JtaPlatform implementation: [org.hibernate.engine.transaction.jta.platform.internal.NoJtaPlatform]
२०२२-०३-१५ २२:१८:१९,००९ INFO org.springframework.orm.jpa.AbstractEntityManagerFactoryBean [main] Initialized JPA EntityManagerFactory for persistence unit 'default'
२०२२-०३-१५ २२:१८:१९,२६० WARN org.springframework.boot.autoconfigure.orm.jpa.JpaBaseConfiguration$JpaWebConfiguration [main] spring.jpa.open-in-view is enabled by default. Therefore, database queries may be performed during view rendering. Explicitly configure spring.jpa.open-in-view to disable this warning
२०२२-०३-१५ २२:१८:१९,५०३ INFO org.apache.juli.logging.DirectJDKLog [main] Starting ProtocolHandler ["http-nio-8080"]
२०२२-०३-१५ २२:१८:१९,५२१ INFO org.springframework.boot.web.embedded.tomcat.TomcatWebServer [main] Tomcat started on port(s): 8080 (http) with context path ''
२०२२-०३-१५ २२:१८:१९,५२७ INFO org.springframework.boot.StartupInfoLogger [main] Started Ms1Application in 3.295 seconds (JVM running for 3.651)
