२०२२-०३-१६ ०९:३९:०४,३५५ WARN com.zaxxer.hikari.pool.HikariPool$HouseKeeper [HikariPool-1 housekeeper] HikariPool-1 - Thread starvation or clock leap detected (housekeeper delta=11h8m16s188ms900µs500ns).
२०२२-०३-१६ १०:१२:२७,६५३ INFO org.springframework.boot.StartupInfoLogger [main] Starting Ms1Application using Java 1.8.0_311 on AHOSUR-CVR-CIT with PID 996 (C:\Users\ahosur.I-FLEX\Desktop\Citibank\Practice Projects\ms1\target\classes started by ahosur in C:\Users\ahosur.I-FLEX\Desktop\Citibank\Practice Projects\ms1)
२०२२-०३-१६ १०:१२:२७,६५८ INFO org.springframework.boot.SpringApplication [main] No active profile set, falling back to 1 default profile: "default"
२०२२-०३-१६ १०:१२:२८,१२२ INFO org.springframework.data.repository.config.RepositoryConfigurationDelegate [main] Bootstrapping Spring Data JPA repositories in DEFAULT mode.
२०२२-०३-१६ १०:१२:२८,१६२ INFO org.springframework.data.repository.config.RepositoryConfigurationDelegate [main] Finished Spring Data repository scanning in 33 ms. Found 1 JPA repository interfaces.
२०२२-०३-१६ १०:१२:२८,७३४ INFO org.springframework.boot.web.embedded.tomcat.TomcatWebServer [main] Tomcat initialized with port(s): 8080 (http)
२०२२-०३-१६ १०:१२:२८,७४७ INFO org.apache.juli.logging.DirectJDKLog [main] Initializing ProtocolHandler ["http-nio-8080"]
२०२२-०३-१६ १०:१२:२८,७४८ INFO org.apache.juli.logging.DirectJDKLog [main] Starting service [Tomcat]
२०२२-०३-१६ १०:१२:२८,७४८ INFO org.apache.juli.logging.DirectJDKLog [main] Starting Servlet engine: [Apache Tomcat/9.0.58]
२०२२-०३-१६ १०:१२:२८,८३८ INFO org.apache.juli.logging.DirectJDKLog [main] Initializing Spring embedded WebApplicationContext
२०२२-०३-१६ १०:१२:२८,८३९ INFO org.springframework.boot.web.servlet.context.ServletWebServerApplicationContext [main] Root WebApplicationContext: initialization completed in 1144 ms
२०२२-०३-१६ १०:१२:२८,८६३ INFO com.zaxxer.hikari.HikariDataSource [main] HikariPool-1 - Starting...
२०२२-०३-१६ १०:१२:२९,०६० INFO com.zaxxer.hikari.HikariDataSource [main] HikariPool-1 - Start completed.
२०२२-०३-१६ १०:१२:२९,०६८ INFO org.springframework.boot.autoconfigure.h2.H2ConsoleAutoConfiguration [main] H2 console available at '/h2-ui'. Database available at 'jdbc:h2:mem:testdb'
२०२२-०३-१६ १०:१२:२९,२३४ INFO org.hibernate.jpa.internal.util.LogHelper [main] HHH000204: Processing PersistenceUnitInfo [name: default]
२०२२-०३-१६ १०:१२:२९,३१७ INFO org.hibernate.Version [main] HHH000412: Hibernate ORM core version 5.6.5.Final
२०२२-०३-१६ १०:१२:२९,५२३ INFO org.hibernate.annotations.common.reflection.java.JavaReflectionManager [main] HCANN000001: Hibernate Commons Annotations {5.1.2.Final}
२०२२-०३-१६ १०:१२:२९,६५४ INFO org.hibernate.dialect.Dialect [main] HHH000400: Using dialect: org.hibernate.dialect.H2Dialect
२०२२-०३-१६ १०:१२:३०,३१० INFO org.hibernate.engine.transaction.jta.platform.internal.JtaPlatformInitiator [main] HHH000490: Using JtaPlatform implementation: [org.hibernate.engine.transaction.jta.platform.internal.NoJtaPlatform]
२०२२-०३-१६ १०:१२:३०,३१७ INFO org.springframework.orm.jpa.AbstractEntityManagerFactoryBean [main] Initialized JPA EntityManagerFactory for persistence unit 'default'
२०२२-०३-१६ १०:१२:३०,५२१ WARN org.springframework.boot.autoconfigure.orm.jpa.JpaBaseConfiguration$JpaWebConfiguration [main] spring.jpa.open-in-view is enabled by default. Therefore, database queries may be performed during view rendering. Explicitly configure spring.jpa.open-in-view to disable this warning
२०२२-०३-१६ १०:१२:३०,७८४ INFO org.apache.juli.logging.DirectJDKLog [main] Starting ProtocolHandler ["http-nio-8080"]
२०२२-०३-१६ १०:१२:३०,८१० INFO org.springframework.boot.web.embedded.tomcat.TomcatWebServer [main] Tomcat started on port(s): 8080 (http) with context path ''
२०२२-०३-१६ १०:१२:३०,८१९ INFO org.springframework.boot.StartupInfoLogger [main] Started Ms1Application in 3.551 seconds (JVM running for 3.907)
